************ Executing: testPostUser() ************
************ Executed: testPostUser() ************
************ Executing: testGetUserByName() ************
************ Executed: testGetUserByName() ************
************ Executing: testUpdateUserByName() ************
************ Executing: testUpdateUserByName() ************
************ Executing: testDeleteUserByName() ************
************ Executing: testDeleteUserByName() ************
************ Executing: testPostUser() ************
************ Executed: testPostUser() ************
************ Executing: testGetUserByName() ************
************ Executed: testGetUserByName() ************
************ Executing: testUpdateUserByName() ************
************ Executed: testUpdateUserByName() ************
************ Executing: testDeleteUserByName() ************
************ Executed: testDeleteUserByName() ************
infoing...
************ Executing: testPostUser() ************
************ Executed: testPostUser() ************
************ Executing: testGetUserByName() ************
************ Executed: testGetUserByName() ************
************ Executing: testUpdateUserByName() ************
************ Executed: testUpdateUserByName() ************
************ Executing: testDeleteUserByName() ************
************ Executed: testDeleteUserByName() ************
infoing...
************ Executing: testPostUser() ************
************ Executing: testGetUserByName() ************
************ Executing: testUpdateUserByName() ************
************ Executing: testDeleteUserByName() ************
infoing...
************ Executing: testPostUser() ************
************ Executed: testPostUser() ************
************ Executing: testGetUserByName() ************
************ Executed: testGetUserByName() ************
************ Executing: testUpdateUserByName() ************
************ Executed: testUpdateUserByName() ************
************ Executing: testDeleteUserByName() ************
************ Executed: testDeleteUserByName() ************
infoing...
************ Executing: testPostUser() ************
************ Executed: testPostUser() ************
************ Executing: testGetUserByName() ************
************ Executed: testGetUserByName() ************
************ Executing: testUpdateUserByName() ************
************ Executed: testUpdateUserByName() ************
************ Executing: testDeleteUserByName() ************
************ Executed: testDeleteUserByName() ************
infoing...
************ Executing: testPostUser() ************
************ Executed: testPostUser() ************
************ Executing: testGetUserByName() ************
************ Executed: testGetUserByName() ************
************ Executing: testUpdateUserByName() ************
************ Executed: testUpdateUserByName() ************
************ Executing: testDeleteUserByName() ************
************ Executed: testDeleteUserByName() ************
infoing...
************ Executing: testPostUser() ************
************ Executed: testPostUser() ************
************ Executing: testGetUserByName() ************
************ Executed: testGetUserByName() ************
************ Executing: testUpdateUserByName() ************
************ Executed: testUpdateUserByName() ************
************ Executing: testDeleteUserByName() ************
************ Executed: testDeleteUserByName() ************
